<?xml version="1.0" encoding="UTF-8"?>
<testng-results ignored="0" total="2" passed="2" failed="0" skipped="0">
  <reporter-output>
  </reporter-output>
  <suite started-at="2021-11-23T14:49:36 COT" name="Default suite" finished-at="2021-11-23T14:49:58 COT" duration-ms="21391">
    <groups>
    </groups>
    <test started-at="2021-11-23T14:49:36 COT" name="Default test" finished-at="2021-11-23T14:49:58 COT" duration-ms="21391">
      <class name="TestScripts.NewTest">
        <test-method is-config="true" signature="beforeTest()[pri:0, instance:TestScripts.NewTest@1622f1b]" started-at="2021-11-23T14:49:36 COT" name="beforeTest" finished-at="2021-11-23T14:49:45 COT" duration-ms="8793" status="PASS">
          <reporter-output>
          </reporter-output>
        </test-method> <!-- beforeTest -->
        <test-method signature="verificarTitulo()[pri:0, instance:TestScripts.NewTest@1622f1b]" started-at="2021-11-23T14:49:45 COT" name="verificarTitulo" finished-at="2021-11-23T14:49:53 COT" duration-ms="7301" status="PASS">
          <reporter-output>
          </reporter-output>
        </test-method> <!-- verificarTitulo -->
        <test-method signature="buscarProducto()[pri:100, instance:TestScripts.NewTest@1622f1b]" started-at="2021-11-23T14:49:53 COT" name="buscarProducto" finished-at="2021-11-23T14:49:58 COT" duration-ms="5139" status="PASS">
          <reporter-output>
          </reporter-output>
        </test-method> <!-- buscarProducto -->
      </class> <!-- TestScripts.NewTest -->
    </test> <!-- Default test -->
  </suite> <!-- Default suite -->
</testng-results>
